#
# A fatal error has been detected by the Java Runtime Environment:
#
#  SIGSEGV (0xb) at pc=0x00007fff65cd1d09, pid=2230, tid=0x0000000000015287
#
# JRE version: Java(TM) SE Runtime Environment (8.0_101-b13) (build 1.8.0_101-b13)
# Java VM: Java HotSpot(TM) 64-Bit Server VM (25.101-b13 mixed mode bsd-amd64 compressed oops)
# Problematic frame:
# C  [libsystem_platform.dylib+0x1d09]  _platform_memmove$VARIANT$Haswell+0x29
#
# Failed to write core dump. Core dumps have been disabled. To enable core dumping, try "ulimit -c unlimited" before starting Java again
#
# If you would like to submit a bug report, please visit:
#   http://bugreport.java.com/bugreport/crash.jsp
# The crash happened outside the Java Virtual Machine in native code.
# See problematic frame for where to report the bug.
#

---------------  T H R E A D  ---------------

Current thread (0x00007ff5e803d800):  JavaThread "application-akka.actor.default-dispatcher-2" [_thread_in_native, id=86663, stack(0x000070000544c000,0x000070000554c000)]

siginfo: si_signo: 11 (SIGSEGV), si_code: 1 (SEGV_MAPERR), si_addr: 0x000000010ed1f000

Registers:
RAX=0x000000010ed14000, RBX=0x000000010ed130c7, RCX=0x0000000000006601, RDX=0x000000000000a4f2
RSP=0x0000700005548dc0, RBP=0x0000700005548dc0, RSI=0x000000010ed1f000, RDI=0x000000010ed17ef1
R8 =0x0000000000000000, R9 =0x0000000000000007, R10=0x0000000000000009, R11=0xffffffffffff8ef1
R12=0x00000000f7c74ae8, R13=0x0000000022d01de4, R14=0x000000010ed14000, R15=0x000000000000a4f2
RIP=0x00007fff65cd1d09, EFLAGS=0x0000000000010202, ERR=0x0000000000000004
  TRAPNO=0x000000000000000e

Top of Stack: (sp=0x0000700005548dc0)
0x0000700005548dc0:   0000700005548e30 00000001063db399
0x0000700005548dd0:   000000d000000000 0000000000000020
0x0000700005548de0:   000000000000a4f2 00007ff5e3000000
0x0000700005548df0:   0000000000005f4a 00007ff5e0de1f30
0x0000700005548e00:   00007ff5e73fa8d0 00007ff5e0de1f30
0x0000700005548e10:   00007ff5e0de20e0 0000000000000070
0x0000700005548e20:   00000000eb81cee9 00007ff5e4c3eff0
0x0000700005548e30:   0000700005548e90 00000001063db52d
0x0000700005548e40:   0000700005548eec 0000700005548eeb
0x0000700005548e50:   0000003c00000000 0000003d0103d800
0x0000700005548e60:   0000700005548eae 00007000055492f8
0x0000700005548e70:   000000000000003d 0000700005548eae
0x0000700005548e80:   00007ff5e0de1f30 00007ff5e803d9f8
0x0000700005548e90:   00007000055492e0 00000001063da238
0x0000700005548ea0:   0000000000000000 6863000000000001
0x0000700005548eb0:   6d696e6170616a2f 7475612f74636170
0x0000700005548ec0:   69542f6970612f68 6570795474656b63
0x0000700005548ed0:   6963696c70784524 6954746e61724774
0x0000700005548ee0:   6c632e2474656b63 0000000000737361
0x0000700005548ef0:   0000000000000000 0000000000000000
0x0000700005548f00:   ffffffffffffffff 0000000107208de2
0x0000700005548f10:   0000000000000045 0000000107208de2
0x0000700005548f20:   00007000055492c0 00007fff65b8002e
0x0000700005548f30:   0000000000000000 0000000000000000
0x0000700005548f40:   0000000000000000 0000000000000000
0x0000700005548f50:   00000000268e2b20 0000000000000000
0x0000700005548f60:   0000000000000000 0000000000000000
0x0000700005548f70:   0000000000000045 0000000000000001
0x0000700005548f80:   00000000268e2ba0 00007000055493c8
0x0000700005548f90:   0000700005548fe0 00007fff65b7612e
0x0000700005548fa0:   00007000055490f0 0000000000000001
0x0000700005548fb0:   0000000000000000 0000000000000000 

Instructions: (pc=0x00007fff65cd1d09)
0x00007fff65cd1ce9:   f3 48 89 f8 49 39 d3 72 1b 48 83 fa 60 76 2f 48
0x00007fff65cd1cf9:   81 fa 00 40 00 00 0f 82 cb 00 00 00 48 89 d1 fc
0x00007fff65cd1d09:   f3 a4 5d c3 48 39 fe 74 f9 48 01 d6 48 01 d7 48
0x00007fff65cd1d19:   83 fa 60 0f 82 8c 01 00 00 e9 a9 01 00 00 48 83 

Register to memory mapping:

RAX=0x000000010ed14000 is an unknown value
RBX=0x000000010ed130c7 is an unknown value
RCX=0x0000000000006601 is an unknown value
RDX=0x000000000000a4f2 is an unknown value
RSP=0x0000700005548dc0 is pointing into the stack for thread: 0x00007ff5e803d800
RBP=0x0000700005548dc0 is pointing into the stack for thread: 0x00007ff5e803d800
RSI=0x000000010ed1f000 is an unknown value
RDI=0x000000010ed17ef1 is an unknown value
R8 =0x0000000000000000 is an unknown value
R9 =0x0000000000000007 is an unknown value
R10=0x0000000000000009 is an unknown value
R11=0xffffffffffff8ef1 is an unknown value
R12=0x00000000f7c74ae8 is an unknown value
R13=0x0000000022d01de4 is an unknown value
R14=0x000000010ed14000 is an unknown value
R15=0x000000000000a4f2 is an unknown value


Stack: [0x000070000544c000,0x000070000554c000],  sp=0x0000700005548dc0,  free space=1011k
Native frames: (J=compiled Java code, j=interpreted, Vv=VM code, C=native code)
C  [libsystem_platform.dylib+0x1d09]  _platform_memmove$VARIANT$Haswell+0x29
C  [libzip.dylib+0x3399]  newEntry+0x65b
C  [libzip.dylib+0x352d]  ZIP_GetEntry2+0xd4
C  [libzip.dylib+0x2238]  Java_java_util_zip_ZipFile_getEntry+0xcf
J 143  java.util.zip.ZipFile.getEntry(J[BZ)J (0 bytes) @ 0x000000010fdba88e [0x000000010fdba7c0+0xce]
J 6905 C2 sun.misc.URLClassPath.getResource(Ljava/lang/String;Z)Lsun/misc/Resource; (83 bytes) @ 0x0000000110ab1fdc [0x0000000110ab1960+0x67c]
J 51276 C2 java.net.URLClassLoader$1.run()Ljava/lang/Class; (63 bytes) @ 0x000000011235c02c [0x000000011235b3e0+0xc4c]
J 53110 C2 java.net.URLClassLoader$1.run()Ljava/lang/Object; (5 bytes) @ 0x000000011417b554 [0x000000011417b520+0x34]
v  ~StubRoutines::call_stub
V  [libjvm.dylib+0x2ecf06]
V  [libjvm.dylib+0x34d69c]
J 165  java.security.AccessController.doPrivileged(Ljava/security/PrivilegedExceptionAction;Ljava/security/AccessControlContext;)Ljava/lang/Object; (0 bytes) @ 0x000000010fdc8155 [0x000000010fdc8080+0xd5]
J 14851 C2 java.net.URLClassLoader.findClass(Ljava/lang/String;)Ljava/lang/Class; (47 bytes) @ 0x0000000111aba108 [0x0000000111aba060+0xa8]
J 14139 C2 java.lang.ClassLoader.loadClass(Ljava/lang/String;Z)Ljava/lang/Class; (122 bytes) @ 0x000000011197ec60 [0x000000011197e9a0+0x2c0]
J 14139 C2 java.lang.ClassLoader.loadClass(Ljava/lang/String;Z)Ljava/lang/Class; (122 bytes) @ 0x000000011197ec28 [0x000000011197e9a0+0x288]
J 14139 C2 java.lang.ClassLoader.loadClass(Ljava/lang/String;Z)Ljava/lang/Class; (122 bytes) @ 0x000000011197ec28 [0x000000011197e9a0+0x288]
J 4677 C2 java.lang.ClassLoader.loadClass(Ljava/lang/String;)Ljava/lang/Class; (7 bytes) @ 0x000000011057f360 [0x000000011057f320+0x40]
v  ~StubRoutines::call_stub
V  [libjvm.dylib+0x2ecf06]
V  [libjvm.dylib+0x2ed694]
V  [libjvm.dylib+0x2ed7ec]
V  [libjvm.dylib+0x53a818]
V  [libjvm.dylib+0x539fb1]
V  [libjvm.dylib+0x53aa34]
V  [libjvm.dylib+0x53b0e7]
V  [libjvm.dylib+0x1e2582]
V  [libjvm.dylib+0x1f29ae]
V  [libjvm.dylib+0x3ca446]
V  [libjvm.dylib+0x2e7e0f]
j  controllers.explicit.ExplicitTools$.$anonfun$checkLoggedIn$2(Lmodels/TicketsModel;Lscala/concurrent/ExecutionContext;Lplay/api/mvc/RequestHeader;Lscala/Option;)Lscala/concurrent/Future;+88
j  controllers.explicit.ExplicitTools$$$Lambda$8672.apply(Ljava/lang/Object;)Ljava/lang/Object;+16
J 59154 C1 scala.concurrent.Future.$anonfun$flatMap$1(Lscala/concurrent/Future;Lscala/Function1;Lscala/util/Try;)Lscala/concurrent/Future; (54 bytes) @ 0x000000011023678c [0x00000001102362c0+0x4cc]
J 59153 C1 scala.concurrent.Future$$Lambda$539.apply(Ljava/lang/Object;)Ljava/lang/Object; (16 bytes) @ 0x000000011039e334 [0x000000011039e1c0+0x174]
J 50137 C1 scala.concurrent.impl.Promise.$anonfun$transformWith$1(Lscala/concurrent/impl/Promise;Lscala/Function1;Lscala/concurrent/impl/Promise$DefaultPromise;Lscala/util/Try;)Ljava/lang/Object; (111 bytes) @ 0x00000001156f17c4 [0x00000001156f16c0+0x104]
J 50136 C1 scala.concurrent.impl.Promise$$Lambda$540.apply(Ljava/lang/Object;)Ljava/lang/Object; (20 bytes) @ 0x00000001126b4dc4 [0x00000001126b4c40+0x184]
J 31738 C1 scala.concurrent.impl.CallbackRunnable.run()V (70 bytes) @ 0x00000001145682f4 [0x0000000114567ec0+0x434]
J 55001 C1 akka.dispatch.BatchingExecutor$AbstractBatch.processBatch(Lakka/dispatch/BatchingExecutor$AbstractBatch;)V (48 bytes) @ 0x00000001125e97fc [0x00000001125e9300+0x4fc]
j  akka.dispatch.BatchingExecutor$BlockableBatch.$anonfun$run$1(Lakka/dispatch/BatchingExecutor$BlockableBatch;Z)V+2
J 60492 C1 akka.dispatch.BatchingExecutor$BlockableBatch$$Lambda$522.apply$mcV$sp()V (12 bytes) @ 0x000000011047c4cc [0x000000011047c440+0x8c]
J 30548 C1 scala.runtime.java8.JFunction0$mcV$sp.apply()Ljava/lang/Object; (10 bytes) @ 0x00000001105a64c4 [0x00000001105a63c0+0x104]
J 50816 C1 scala.concurrent.BlockContext$.withBlockContext(Lscala/concurrent/BlockContext;Lscala/Function0;)Ljava/lang/Object; (50 bytes) @ 0x000000011649d794 [0x000000011649d3e0+0x3b4]
J 57306 C1 akka.dispatch.BatchingExecutor$BlockableBatch.run()V (101 bytes) @ 0x0000000114c2b274 [0x0000000114c2a3a0+0xed4]
J 31356 C1 akka.dispatch.TaskInvocation.run()V (108 bytes) @ 0x0000000110bfe9ac [0x0000000110bfe800+0x1ac]
J 34285 C2 akka.dispatch.forkjoin.ForkJoinPool$WorkQueue.runTask(Lakka/dispatch/forkjoin/ForkJoinTask;)V (60 bytes) @ 0x00000001150458cc [0x0000000115045820+0xac]
J 60511 C1 akka.dispatch.forkjoin.ForkJoinWorkerThread.run()V (182 bytes) @ 0x00000001134a8504 [0x00000001134a8180+0x384]
v  ~StubRoutines::call_stub
V  [libjvm.dylib+0x2ecf06]
V  [libjvm.dylib+0x2ed694]
V  [libjvm.dylib+0x2ed840]
V  [libjvm.dylib+0x348029]
V  [libjvm.dylib+0x5695ab]
V  [libjvm.dylib+0x56ac98]
V  [libjvm.dylib+0x48933a]
C  [libsystem_pthread.dylib+0x32eb]  _pthread_body+0x7e
C  [libsystem_pthread.dylib+0x6249]  _pthread_start+0x42
C  [libsystem_pthread.dylib+0x240d]  thread_start+0xd
C  0x0000000000000000

Java frames: (J=compiled Java code, j=interpreted, Vv=VM code)
J 143  java.util.zip.ZipFile.getEntry(J[BZ)J (0 bytes) @ 0x000000010fdba818 [0x000000010fdba7c0+0x58]
J 6905 C2 sun.misc.URLClassPath.getResource(Ljava/lang/String;Z)Lsun/misc/Resource; (83 bytes) @ 0x0000000110ab1fdc [0x0000000110ab1960+0x67c]
J 51276 C2 java.net.URLClassLoader$1.run()Ljava/lang/Class; (63 bytes) @ 0x000000011235c02c [0x000000011235b3e0+0xc4c]
J 53110 C2 java.net.URLClassLoader$1.run()Ljava/lang/Object; (5 bytes) @ 0x000000011417b554 [0x000000011417b520+0x34]
v  ~StubRoutines::call_stub
J 165  java.security.AccessController.doPrivileged(Ljava/security/PrivilegedExceptionAction;Ljava/security/AccessControlContext;)Ljava/lang/Object; (0 bytes) @ 0x000000010fdc80e3 [0x000000010fdc8080+0x63]
J 14851 C2 java.net.URLClassLoader.findClass(Ljava/lang/String;)Ljava/lang/Class; (47 bytes) @ 0x0000000111aba108 [0x0000000111aba060+0xa8]
J 14139 C2 java.lang.ClassLoader.loadClass(Ljava/lang/String;Z)Ljava/lang/Class; (122 bytes) @ 0x000000011197ec60 [0x000000011197e9a0+0x2c0]
J 14139 C2 java.lang.ClassLoader.loadClass(Ljava/lang/String;Z)Ljava/lang/Class; (122 bytes) @ 0x000000011197ec28 [0x000000011197e9a0+0x288]
J 14139 C2 java.lang.ClassLoader.loadClass(Ljava/lang/String;Z)Ljava/lang/Class; (122 bytes) @ 0x000000011197ec28 [0x000000011197e9a0+0x288]
J 4677 C2 java.lang.ClassLoader.loadClass(Ljava/lang/String;)Ljava/lang/Class; (7 bytes) @ 0x000000011057f360 [0x000000011057f320+0x40]
v  ~StubRoutines::call_stub
j  controllers.explicit.ExplicitTools$.$anonfun$checkLoggedIn$2(Lmodels/TicketsModel;Lscala/concurrent/ExecutionContext;Lplay/api/mvc/RequestHeader;Lscala/Option;)Lscala/concurrent/Future;+88
j  controllers.explicit.ExplicitTools$$$Lambda$8672.apply(Ljava/lang/Object;)Ljava/lang/Object;+16
J 59154 C1 scala.concurrent.Future.$anonfun$flatMap$1(Lscala/concurrent/Future;Lscala/Function1;Lscala/util/Try;)Lscala/concurrent/Future; (54 bytes) @ 0x000000011023678c [0x00000001102362c0+0x4cc]
J 59153 C1 scala.concurrent.Future$$Lambda$539.apply(Ljava/lang/Object;)Ljava/lang/Object; (16 bytes) @ 0x000000011039e334 [0x000000011039e1c0+0x174]
J 50137 C1 scala.concurrent.impl.Promise.$anonfun$transformWith$1(Lscala/concurrent/impl/Promise;Lscala/Function1;Lscala/concurrent/impl/Promise$DefaultPromise;Lscala/util/Try;)Ljava/lang/Object; (111 bytes) @ 0x00000001156f17c4 [0x00000001156f16c0+0x104]
J 50136 C1 scala.concurrent.impl.Promise$$Lambda$540.apply(Ljava/lang/Object;)Ljava/lang/Object; (20 bytes) @ 0x00000001126b4dc4 [0x00000001126b4c40+0x184]
J 31738 C1 scala.concurrent.impl.CallbackRunnable.run()V (70 bytes) @ 0x00000001145682f4 [0x0000000114567ec0+0x434]
J 55001 C1 akka.dispatch.BatchingExecutor$AbstractBatch.processBatch(Lakka/dispatch/BatchingExecutor$AbstractBatch;)V (48 bytes) @ 0x00000001125e97fc [0x00000001125e9300+0x4fc]
j  akka.dispatch.BatchingExecutor$BlockableBatch.$anonfun$run$1(Lakka/dispatch/BatchingExecutor$BlockableBatch;Z)V+2
J 60492 C1 akka.dispatch.BatchingExecutor$BlockableBatch$$Lambda$522.apply$mcV$sp()V (12 bytes) @ 0x000000011047c4cc [0x000000011047c440+0x8c]
J 30548 C1 scala.runtime.java8.JFunction0$mcV$sp.apply()Ljava/lang/Object; (10 bytes) @ 0x00000001105a64c4 [0x00000001105a63c0+0x104]
J 50816 C1 scala.concurrent.BlockContext$.withBlockContext(Lscala/concurrent/BlockContext;Lscala/Function0;)Ljava/lang/Object; (50 bytes) @ 0x000000011649d794 [0x000000011649d3e0+0x3b4]
J 57306 C1 akka.dispatch.BatchingExecutor$BlockableBatch.run()V (101 bytes) @ 0x0000000114c2b274 [0x0000000114c2a3a0+0xed4]
J 31356 C1 akka.dispatch.TaskInvocation.run()V (108 bytes) @ 0x0000000110bfe9ac [0x0000000110bfe800+0x1ac]
J 34285 C2 akka.dispatch.forkjoin.ForkJoinPool$WorkQueue.runTask(Lakka/dispatch/forkjoin/ForkJoinTask;)V (60 bytes) @ 0x00000001150458cc [0x0000000115045820+0xac]
J 60511 C1 akka.dispatch.forkjoin.ForkJoinWorkerThread.run()V (182 bytes) @ 0x00000001134a8504 [0x00000001134a8180+0x384]
v  ~StubRoutines::call_stub

---------------  P R O C E S S  ---------------

Java Threads: ( => current thread )
  0x00007ff5e27dd800 JavaThread "db-5" daemon [_thread_blocked, id=29915, stack(0x000070000554f000,0x000070000564f000)]
  0x00007ff5e30aa800 JavaThread "db-4" daemon [_thread_blocked, id=86287, stack(0x0000700005858000,0x0000700005958000)]
  0x00007ff5e1e49800 JavaThread "db-3" daemon [_thread_blocked, id=3467, stack(0x0000700006173000,0x0000700006273000)]
  0x00007ff5df59f800 JavaThread "db-2" daemon [_thread_blocked, id=86051, stack(0x0000700005a5e000,0x0000700005b5e000)]
  0x00007ff5e4363800 JavaThread "db-1" daemon [_thread_blocked, id=44931, stack(0x0000700006070000,0x0000700006170000)]
  0x00007ff5df546800 JavaThread "AsyncHttpClient-timer-72-1" [_thread_blocked, id=47475, stack(0x0000700005e6a000,0x0000700005f6a000)]
  0x00007ff5e67de800 JavaThread "com.google.common.base.internal.Finalizer" daemon [_thread_blocked, id=47211, stack(0x0000700005b61000,0x0000700005c61000)]
  0x00007ff5df4a8000 JavaThread "db housekeeper" daemon [_thread_blocked, id=47719, stack(0x0000700005755000,0x0000700005855000)]
  0x00007ff5e1d9c000 JavaThread "application-akka.actor.default-dispatcher-4" [_thread_blocked, id=34103, stack(0x0000700005652000,0x0000700005752000)]
=>0x00007ff5e803d800 JavaThread "application-akka.actor.default-dispatcher-2" [_thread_in_native, id=86663, stack(0x000070000544c000,0x000070000554c000)]
  0x00007ff5dffd4000 JavaThread "application-scheduler-1" [_thread_blocked, id=2643, stack(0x0000700005143000,0x0000700005243000)]
  0x00007ff5dfaf2800 JavaThread "__DEFAULT__" daemon [_thread_blocked, id=36099, stack(0x0000700004828000,0x0000700004928000)]
  0x00007ff5e3e94800 JavaThread "AsyncAppender-Worker-ASYNCSTDOUT" daemon [_thread_blocked, id=28567, stack(0x0000700004622000,0x0000700004722000)]
  0x00007ff5e3e60000 JavaThread "AsyncAppender-Worker-ASYNCFILE" daemon [_thread_blocked, id=29083, stack(0x000070000441c000,0x000070000451c000)]
  0x00007ff5e30af000 JavaThread "com.google.common.base.internal.Finalizer" daemon [_thread_blocked, id=26427, stack(0x000070000595b000,0x0000700005a5b000)]
  0x00007ff5e4581000 JavaThread "play-dev-mode-akka.actor.default-dispatcher-79" [_thread_blocked, id=34411, stack(0x0000700005246000,0x0000700005346000)]
  0x00007ff5e35d2000 JavaThread "play-dev-mode-akka.actor.default-dispatcher-78" [_thread_blocked, id=32359, stack(0x0000700005040000,0x0000700005140000)]
  0x00007ff5e59af000 JavaThread "play-dev-mode-akka.actor.default-dispatcher-77" [_thread_blocked, id=27427, stack(0x000070000451f000,0x000070000461f000)]
  0x00007ff5e8422000 JavaThread "com.google.common.base.internal.Finalizer" daemon [_thread_blocked, id=32895, stack(0x0000700005f6d000,0x000070000606d000)]
  0x00007ff5e644a800 JavaThread "play-dev-mode-akka.actor.default-dispatcher-75" [_thread_blocked, id=31863, stack(0x0000700004725000,0x0000700004825000)]
  0x00007ff5e65e5800 JavaThread "Scala Presentation Compiler []" daemon [_thread_blocked, id=3595, stack(0x0000700005c64000,0x0000700005d64000)]
  0x00007ff5e5093000 JavaThread "Abandoned connection cleanup thread" daemon [_thread_blocked, id=35331, stack(0x0000700005d67000,0x0000700005e67000)]
  0x00007ff5e51af800 JavaThread "play-dev-mode-akka.io.pinned-dispatcher-5" [_thread_in_native, id=37379, stack(0x0000700005349000,0x0000700005449000)]
  0x00007ff5e3c56000 JavaThread "play-dev-mode-scheduler-1" [_thread_blocked, id=25603, stack(0x0000700004f3d000,0x000070000503d000)]
  0x00007ff5e30da000 JavaThread "reloader-timer" daemon [_thread_blocked, id=25091, stack(0x0000700004e3a000,0x0000700004f3a000)]
  0x00007ff5e3496800 JavaThread "play-watch-service" daemon [_thread_blocked, id=38659, stack(0x0000700004d37000,0x0000700004e37000)]
  0x00007ff5e3a6e800 JavaThread "WatchService for /Users/zyuiop/IdeaProjects/ji-auth/app" daemon [_thread_in_native, id=24323, stack(0x0000700004c34000,0x0000700004d34000)]
  0x00007ff5e3a54000 JavaThread "WatchService for /Users/zyuiop/IdeaProjects/ji-auth/conf" daemon [_thread_in_native, id=41475, stack(0x0000700004b31000,0x0000700004c31000)]
  0x00007ff5e3496000 JavaThread "WatchService for /Users/zyuiop/IdeaProjects/ji-auth/public" daemon [_thread_in_native, id=22275, stack(0x0000700004a2e000,0x0000700004b2e000)]
  0x00007ff5e416e800 JavaThread "pool-4-thread-4" [_thread_in_native, id=43011, stack(0x000070000492b000,0x0000700004a2b000)]
  0x00007ff5e383d800 JavaThread "sbt-web-akka.actor.default-dispatcher-2" [_thread_blocked, id=17167, stack(0x0000700004319000,0x0000700004419000)]
  0x00007ff5e2adc800 JavaThread "sbt-web-scheduler-1" [_thread_blocked, id=17683, stack(0x0000700004216000,0x0000700004316000)]
  0x00007ff5e0014800 JavaThread "Service Thread" daemon [_thread_blocked, id=14595, stack(0x0000700004010000,0x0000700004110000)]
  0x00007ff5df056800 JavaThread "C1 CompilerThread2" daemon [_thread_blocked, id=18179, stack(0x0000700003f0d000,0x000070000400d000)]
  0x00007ff5e001e800 JavaThread "C2 CompilerThread1" daemon [_thread_blocked, id=14083, stack(0x0000700003e0a000,0x0000700003f0a000)]
  0x00007ff5df81c800 JavaThread "C2 CompilerThread0" daemon [_thread_blocked, id=18691, stack(0x0000700003d07000,0x0000700003e07000)]
  0x00007ff5df055800 JavaThread "Signal Dispatcher" daemon [_thread_blocked, id=18947, stack(0x0000700003c04000,0x0000700003d04000)]
  0x00007ff5e000b800 JavaThread "Finalizer" daemon [_thread_blocked, id=20483, stack(0x0000700003b01000,0x0000700003c01000)]
  0x00007ff5df03a800 JavaThread "Reference Handler" daemon [_thread_blocked, id=20739, stack(0x00007000039fe000,0x0000700003afe000)]
  0x00007ff5e0001000 JavaThread "main" [_thread_blocked, id=6403, stack(0x00007000033ec000,0x00007000034ec000)]

Other Threads:
  0x00007ff5df80c800 VMThread [stack: 0x00007000038fb000,0x00007000039fb000] [id=11779]
  0x00007ff5df860000 WatcherThread [stack: 0x0000700004113000,0x0000700004213000] [id=14851]

VM state:not at safepoint (normal execution)

VM Mutex/Monitor currently owned by a thread: None

Heap:
 PSYoungGen      total 285184K, used 125480K [0x00000007aab00000, 0x00000007bee80000, 0x00000007c0000000)
  eden space 241152K, 48% used [0x00000007aab00000,0x00000007b1d85dd0,0x00000007b9680000)
  from space 44032K, 18% used [0x00000007bc380000,0x00000007bcb845f0,0x00000007bee80000)
  to   space 45056K, 0% used [0x00000007b9680000,0x00000007b9680000,0x00000007bc280000)
 ParOldGen       total 699392K, used 135275K [0x0000000780000000, 0x00000007aab00000, 0x00000007aab00000)
  object space 699392K, 19% used [0x0000000780000000,0x000000078841afc8,0x00000007aab00000)
 Metaspace       used 195984K, capacity 210207K, committed 216536K, reserved 1230848K
  class space    used 30882K, capacity 31974K, committed 35328K, reserved 1048576K

Card table byte_map: [0x0000000107fd2000,0x00000001081d3000] byte_map_base: 0x00000001043d2000

Marking Bits: (ParMarkBitMap*) 0x00000001074edd20
 Begin Bits: [0x0000000108329000, 0x0000000109329000)
 End Bits:   [0x0000000109329000, 0x000000010a329000)

Polling page: 0x00000001063ce000

CodeCache: size=245760Kb used=108871Kb max_used=130268Kb free=136888Kb
 bounds [0x000000010fc70000, 0x0000000117e00000, 0x000000011ec70000]
 total_blobs=33881 nmethods=33138 adapters=645
 compilation: enabled

Compilation events (10 events):
Event: 21591.880 Thread 0x00007ff5df056800 80302       3       slick.util.ConstArrayBuilder::$plus$plus$eq (19 bytes)
Event: 21591.883 Thread 0x00007ff5df056800 nmethod 80302 0x0000000115ce0290 code [0x0000000115ce0440, 0x0000000115ce0b08]
Event: 21591.884 Thread 0x00007ff5df056800 80300       3       scala.collection.MapLike$MappedValues::$anonfun$foreach$3 (57 bytes)
Event: 21591.887 Thread 0x00007ff5df056800 nmethod 80300 0x0000000115d00010 code [0x0000000115d00200, 0x0000000115d00988]
Event: 21591.888 Thread 0x00007ff5df056800 80292       3       slick.ast.FilteredQuery::$colon$at (6 bytes)
Event: 21591.888 Thread 0x00007ff5df81c800 80303       4       scala.collection.AbstractMap::getOrElse (7 bytes)
Event: 21591.888 Thread 0x00007ff5df056800 nmethod 80292 0x000000011442cd90 code [0x000000011442cf00, 0x000000011442d0e8]
Event: 21591.888 Thread 0x00007ff5df056800 80297       3       slick.ast.TypedType::$init$ (1 bytes)
Event: 21591.889 Thread 0x00007ff5df056800 nmethod 80297 0x0000000112342090 code [0x00000001123421e0, 0x0000000112342310]
Event: 21591.889 Thread 0x00007ff5df056800 80296       3       scala.Tuple2::swap (16 bytes)

GC Heap History (10 events):
Event: 21533.493 GC heap before
{Heap before GC invocations=226 (full 67):
 PSYoungGen      total 274944K, used 15719K [0x00000007aab00000, 0x00000007bec00000, 0x00000007c0000000)
  eden space 222720K, 0% used [0x00000007aab00000,0x00000007aab00000,0x00000007b8480000)
  from space 52224K, 30% used [0x00000007b8480000,0x00000007b93d9f20,0x00000007bb780000)
  to   space 49152K, 0% used [0x00000007bbc00000,0x00000007bbc00000,0x00000007bec00000)
 ParOldGen       total 699392K, used 133834K [0x0000000780000000, 0x00000007aab00000, 0x00000007aab00000)
  object space 699392K, 19% used [0x0000000780000000,0x00000007882b2ba0,0x00000007aab00000)
 Metaspace       used 195654K, capacity 209835K, committed 216536K, reserved 1230848K
  class space    used 30847K, capacity 31974K, committed 35328K, reserved 1048576K
Event: 21534.397 GC heap after
Heap after GC invocations=226 (full 67):
 PSYoungGen      total 274944K, used 0K [0x00000007aab00000, 0x00000007bec00000, 0x00000007c0000000)
  eden space 222720K, 0% used [0x00000007aab00000,0x00000007aab00000,0x00000007b8480000)
  from space 52224K, 0% used [0x00000007b8480000,0x00000007b8480000,0x00000007bb780000)
  to   space 49152K, 0% used [0x00000007bbc00000,0x00000007bbc00000,0x00000007bec00000)
 ParOldGen       total 699392K, used 139105K [0x0000000780000000, 0x00000007aab00000, 0x00000007aab00000)
  object space 699392K, 19% used [0x0000000780000000,0x00000007887d8710,0x00000007aab00000)
 Metaspace       used 190603K, capacity 204095K, committed 216536K, reserved 1230848K
  class space    used 30095K, capacity 31102K, committed 35328K, reserved 1048576K
}
Event: 21534.402 GC heap before
{Heap before GC invocations=227 (full 67):
 PSYoungGen      total 274944K, used 1052K [0x00000007aab00000, 0x00000007bec00000, 0x00000007c0000000)
  eden space 222720K, 0% used [0x00000007aab00000,0x00000007aac073b8,0x00000007b8480000)
  from space 52224K, 0% used [0x00000007b8480000,0x00000007b8480000,0x00000007bb780000)
  to   space 49152K, 0% used [0x00000007bbc00000,0x00000007bbc00000,0x00000007bec00000)
 ParOldGen       total 699392K, used 139105K [0x0000000780000000, 0x00000007aab00000, 0x00000007aab00000)
  object space 699392K, 19% used [0x0000000780000000,0x00000007887d8710,0x00000007aab00000)
 Metaspace       used 190603K, capacity 204095K, committed 216536K, reserved 1230848K
  class space    used 30095K, capacity 31102K, committed 35328K, reserved 1048576K
Event: 21534.410 GC heap after
Heap after GC invocations=227 (full 67):
 PSYoungGen      total 278528K, used 64K [0x00000007aab00000, 0x00000007beb00000, 0x00000007c0000000)
  eden space 230400K, 0% used [0x00000007aab00000,0x00000007aab00000,0x00000007b8c00000)
  from space 48128K, 0% used [0x00000007bbc00000,0x00000007bbc10000,0x00000007beb00000)
  to   space 48640K, 0% used [0x00000007b8c00000,0x00000007b8c00000,0x00000007bbb80000)
 ParOldGen       total 699392K, used 139105K [0x0000000780000000, 0x00000007aab00000, 0x00000007aab00000)
  object space 699392K, 19% used [0x0000000780000000,0x00000007887d8710,0x00000007aab00000)
 Metaspace       used 190603K, capacity 204095K, committed 216536K, reserved 1230848K
  class space    used 30095K, capacity 31102K, committed 35328K, reserved 1048576K
}
Event: 21534.410 GC heap before
{Heap before GC invocations=228 (full 68):
 PSYoungGen      total 278528K, used 64K [0x00000007aab00000, 0x00000007beb00000, 0x00000007c0000000)
  eden space 230400K, 0% used [0x00000007aab00000,0x00000007aab00000,0x00000007b8c00000)
  from space 48128K, 0% used [0x00000007bbc00000,0x00000007bbc10000,0x00000007beb00000)
  to   space 48640K, 0% used [0x00000007b8c00000,0x00000007b8c00000,0x00000007bbb80000)
 ParOldGen       total 699392K, used 139105K [0x0000000780000000, 0x00000007aab00000, 0x00000007aab00000)
  object space 699392K, 19% used [0x0000000780000000,0x00000007887d8710,0x00000007aab00000)
 Metaspace       used 190603K, capacity 204095K, committed 216536K, reserved 1230848K
  class space    used 30095K, capacity 31102K, committed 35328K, reserved 1048576K
Event: 21534.855 GC heap after
Heap after GC invocations=228 (full 68):
 PSYoungGen      total 278528K, used 0K [0x00000007aab00000, 0x00000007beb00000, 0x00000007c0000000)
  eden space 230400K, 0% used [0x00000007aab00000,0x00000007aab00000,0x00000007b8c00000)
  from space 48128K, 0% used [0x00000007bbc00000,0x00000007bbc00000,0x00000007beb00000)
  to   space 48640K, 0% used [0x00000007b8c00000,0x00000007b8c00000,0x00000007bbb80000)
 ParOldGen       total 699392K, used 135259K [0x0000000780000000, 0x00000007aab00000, 0x00000007aab00000)
  object space 699392K, 19% used [0x0000000780000000,0x0000000788416fc8,0x00000007aab00000)
 Metaspace       used 190603K, capacity 204095K, committed 216536K, reserved 1230848K
  class space    used 30095K, capacity 31102K, committed 35328K, reserved 1048576K
}
Event: 21564.786 GC heap before
{Heap before GC invocations=229 (full 68):
 PSYoungGen      total 278528K, used 230400K [0x00000007aab00000, 0x00000007beb00000, 0x00000007c0000000)
  eden space 230400K, 100% used [0x00000007aab00000,0x00000007b8c00000,0x00000007b8c00000)
  from space 48128K, 0% used [0x00000007bbc00000,0x00000007bbc00000,0x00000007beb00000)
  to   space 48640K, 0% used [0x00000007b8c00000,0x00000007b8c00000,0x00000007bbb80000)
 ParOldGen       total 699392K, used 135259K [0x0000000780000000, 0x00000007aab00000, 0x00000007aab00000)
  object space 699392K, 19% used [0x0000000780000000,0x0000000788416fc8,0x00000007aab00000)
 Metaspace       used 193257K, capacity 207089K, committed 216536K, reserved 1230848K
  class space    used 30484K, capacity 31533K, committed 35328K, reserved 1048576K
Event: 21564.825 GC heap after
Heap after GC invocations=229 (full 68):
 PSYoungGen      total 279040K, used 5387K [0x00000007aab00000, 0x00000007bf180000, 0x00000007c0000000)
  eden space 230400K, 0% used [0x00000007aab00000,0x00000007aab00000,0x00000007b8c00000)
  from space 48640K, 11% used [0x00000007b8c00000,0x00000007b9142e30,0x00000007bbb80000)
  to   space 47104K, 0% used [0x00000007bc380000,0x00000007bc380000,0x00000007bf180000)
 ParOldGen       total 699392K, used 135267K [0x0000000780000000, 0x00000007aab00000, 0x00000007aab00000)
  object space 699392K, 19% used [0x0000000780000000,0x0000000788418fc8,0x00000007aab00000)
 Metaspace       used 193257K, capacity 207089K, committed 216536K, reserved 1230848K
  class space    used 30484K, capacity 31533K, committed 35328K, reserved 1048576K
}
Event: 21568.131 GC heap before
{Heap before GC invocations=230 (full 68):
 PSYoungGen      total 279040K, used 235787K [0x00000007aab00000, 0x00000007bf180000, 0x00000007c0000000)
  eden space 230400K, 100% used [0x00000007aab00000,0x00000007b8c00000,0x00000007b8c00000)
  from space 48640K, 11% used [0x00000007b8c00000,0x00000007b9142e30,0x00000007bbb80000)
  to   space 47104K, 0% used [0x00000007bc380000,0x00000007bc380000,0x00000007bf180000)
 ParOldGen       total 699392K, used 135267K [0x0000000780000000, 0x00000007aab00000, 0x00000007aab00000)
  object space 699392K, 19% used [0x0000000780000000,0x0000000788418fc8,0x00000007aab00000)
 Metaspace       used 194362K, capacity 208257K, committed 216536K, reserved 1230848K
  class space    used 30783K, capacity 31861K, committed 35328K, reserved 1048576K
Event: 21568.156 GC heap after
Heap after GC invocations=230 (full 68):
 PSYoungGen      total 285184K, used 8209K [0x00000007aab00000, 0x00000007bee80000, 0x00000007c0000000)
  eden space 241152K, 0% used [0x00000007aab00000,0x00000007aab00000,0x00000007b9680000)
  from space 44032K, 18% used [0x00000007bc380000,0x00000007bcb845f0,0x00000007bee80000)
  to   space 45056K, 0% used [0x00000007b9680000,0x00000007b9680000,0x00000007bc280000)
 ParOldGen       total 699392K, used 135275K [0x0000000780000000, 0x00000007aab00000, 0x00000007aab00000)
  object space 699392K, 19% used [0x0000000780000000,0x000000078841afc8,0x00000007aab00000)
 Metaspace       used 194362K, capacity 208257K, committed 216536K, reserved 1230848K
  class space    used 30783K, capacity 31861K, committed 35328K, reserved 1048576K
}

Deoptimization events (10 events):
Event: 21531.261 Thread 0x00007ff5df4a8000 Uncommon trap: reason=class_check action=maybe_recompile pc=0x0000000112857e78 method=scala.collection.LinearSeqLike.thisCollection()Lscala/collection/LinearSeq; @ 1
Event: 21536.022 Thread 0x00007ff5dfaf2800 Uncommon trap: reason=class_check action=maybe_recompile pc=0x000000011236eeb4 method=play.twirl.api.BaseScalaTemplate._display_(Ljava/lang/Object;Lscala/reflect/ClassTag;)Lplay/twirl/api/Appendable; @ 261
Event: 21536.024 Thread 0x00007ff5dfaf2800 Uncommon trap: reason=class_check action=maybe_recompile pc=0x000000011236eeb4 method=play.twirl.api.BaseScalaTemplate._display_(Ljava/lang/Object;Lscala/reflect/ClassTag;)Lplay/twirl/api/Appendable; @ 261
Event: 21566.602 Thread 0x00007ff5e3e60000 Uncommon trap: reason=unstable_if action=reinterpret pc=0x0000000111cc5c4c method=scala.tools.nsc.transform.Fields$FieldsTransformer.transform(Lscala/reflect/internal/Trees$Tree;)Lscala/reflect/internal/Trees$Tree; @ 413
Event: 21566.607 Thread 0x00007ff5e3e60000 Uncommon trap: reason=unstable_if action=reinterpret pc=0x0000000114e36e18 method=scala.tools.nsc.transform.TailCalls$TailCallElimination.transform(Lscala/reflect/internal/Trees$Tree;)Lscala/reflect/internal/Trees$Tree; @ 1232
Event: 21566.614 Thread 0x00007ff5e3e60000 Uncommon trap: reason=class_check action=maybe_recompile pc=0x000000011477cc14 method=scala.tools.nsc.transform.SpecializeTypes$$anon$2.transform1(Lscala/reflect/internal/Trees$Tree;)Lscala/reflect/internal/Trees$Tree; @ 1244
Event: 21566.895 Thread 0x00007ff5e3e60000 Uncommon trap: reason=class_check action=maybe_recompile pc=0x000000011415dfe8 method=scala.reflect.internal.TreeInfo.isStableIdentifier(Lscala/reflect/internal/Trees$Tree;Z)Z @ 169
Event: 21566.925 Thread 0x00007ff5e3e60000 Uncommon trap: reason=class_check action=maybe_recompile pc=0x000000011514e894 method=scala.tools.nsc.transform.Mixin$MixinTransformer.preTransform(Lscala/reflect/internal/Trees$Tree;)Lscala/reflect/internal/Trees$Tree; @ 41
Event: 21573.042 Thread 0x00007ff5e6359000 Uncommon trap: reason=class_check action=maybe_recompile pc=0x000000011236eeb4 method=play.twirl.api.BaseScalaTemplate._display_(Ljava/lang/Object;Lscala/reflect/ClassTag;)Lplay/twirl/api/Appendable; @ 261
Event: 21573.046 Thread 0x00007ff5e6359000 Uncommon trap: reason=class_check action=maybe_recompile pc=0x000000011236eeb4 method=play.twirl.api.BaseScalaTemplate._display_(Ljava/lang/Object;Lscala/reflect/ClassTag;)Lplay/twirl/api/Appendable; @ 261

Internal exceptions (10 events):
Event: 21567.754 Thread 0x00007ff5e644a800 Exception <a 'java/lang/ArrayIndexOutOfBoundsException'> (0x00000007b5482db0) thrown at [/HUDSON3/workspace/8-2-build-macosx-x86_64/jdk8u101/7261/hotspot/src/share/vm/runtime/sharedRuntime.cpp, line 605]
Event: 21567.755 Thread 0x00007ff5e644a800 Exception <a 'java/lang/ArrayIndexOutOfBoundsException'> (0x00000007b54b0380) thrown at [/HUDSON3/workspace/8-2-build-macosx-x86_64/jdk8u101/7261/hotspot/src/share/vm/runtime/sharedRuntime.cpp, line 605]
Event: 21567.755 Thread 0x00007ff5e644a800 Exception <a 'java/lang/ArrayIndexOutOfBoundsException'> (0x00000007b54b6818) thrown at [/HUDSON3/workspace/8-2-build-macosx-x86_64/jdk8u101/7261/hotspot/src/share/vm/runtime/sharedRuntime.cpp, line 605]
Event: 21567.756 Thread 0x00007ff5e644a800 Exception <a 'java/lang/ArrayIndexOutOfBoundsException'> (0x00000007b54d21a8) thrown at [/HUDSON3/workspace/8-2-build-macosx-x86_64/jdk8u101/7261/hotspot/src/share/vm/runtime/sharedRuntime.cpp, line 605]
Event: 21567.756 Thread 0x00007ff5e644a800 Exception <a 'java/lang/ArrayIndexOutOfBoundsException'> (0x00000007b54e17e0) thrown at [/HUDSON3/workspace/8-2-build-macosx-x86_64/jdk8u101/7261/hotspot/src/share/vm/runtime/sharedRuntime.cpp, line 605]
Event: 21567.756 Thread 0x00007ff5e644a800 Exception <a 'java/lang/ArrayIndexOutOfBoundsException'> (0x00000007b54e5218) thrown at [/HUDSON3/workspace/8-2-build-macosx-x86_64/jdk8u101/7261/hotspot/src/share/vm/runtime/sharedRuntime.cpp, line 605]
Event: 21567.757 Thread 0x00007ff5e644a800 Exception <a 'java/lang/ArrayIndexOutOfBoundsException'> (0x00000007b54e6a68) thrown at [/HUDSON3/workspace/8-2-build-macosx-x86_64/jdk8u101/7261/hotspot/src/share/vm/runtime/sharedRuntime.cpp, line 605]
Event: 21567.757 Thread 0x00007ff5e644a800 Exception <a 'java/lang/ArrayIndexOutOfBoundsException'> (0x00000007b54ee178) thrown at [/HUDSON3/workspace/8-2-build-macosx-x86_64/jdk8u101/7261/hotspot/src/share/vm/runtime/sharedRuntime.cpp, line 605]
Event: 21567.757 Thread 0x00007ff5e644a800 Exception <a 'java/lang/ArrayIndexOutOfBoundsException'> (0x00000007b54f2a38) thrown at [/HUDSON3/workspace/8-2-build-macosx-x86_64/jdk8u101/7261/hotspot/src/share/vm/runtime/sharedRuntime.cpp, line 605]
Event: 21567.775 Thread 0x00007ff5e1bd9000 Exception <a 'java/lang/InterruptedException': sleep interrupted> (0x00000007ad6c38f8) thrown at [/HUDSON3/workspace/8-2-build-macosx-x86_64/jdk8u101/7261/hotspot/src/share/vm/prims/jvm.cpp, line 3215]

Events (10 events):
Event: 21591.881 loading class models/TicketsModel
Event: 21591.881 loading class models/TicketsModel done
Event: 21591.888 loading class play/api/mvc/Result
Event: 21591.888 loading class play/api/mvc/Result done
Event: 21591.888 loading class play/api/mvc/Result
Event: 21591.888 loading class play/api/mvc/Result done
Event: 21591.888 loading class scala/Function1
Event: 21591.888 loading class scala/Function1 done
Event: 21591.889 loading class ch/japanimpact/auth/api/TicketType$ExplicitGrantTicket$
Event: 21591.889 loading class ch/japanimpact/auth/api/TicketType$ExplicitGrantTicket$ done


Dynamic libraries:
0x000000000e051000 	/System/Library/Frameworks/Cocoa.framework/Versions/A/Cocoa
0x000000000e051000 	/System/Library/Frameworks/Security.framework/Versions/A/Security
0x000000000e051000 	/System/Library/Frameworks/ApplicationServices.framework/Versions/A/ApplicationServices
0x000000000e051000 	/usr/lib/libz.1.dylib
0x000000000e051000 	/usr/lib/libSystem.B.dylib
0x000000000e051000 	/usr/lib/libobjc.A.dylib
0x000000000e051000 	/System/Library/Frameworks/CoreFoundation.framework/Versions/A/CoreFoundation
0x000000000e051000 	/System/Library/Frameworks/Foundation.framework/Versions/C/Foundation
0x000000000e051000 	/System/Library/Frameworks/AppKit.framework/Versions/C/AppKit
0x000000000e051000 	/System/Library/Frameworks/CoreData.framework/Versions/A/CoreData
0x000000000e051000 	/System/Library/PrivateFrameworks/RemoteViewServices.framework/Versions/A/RemoteViewServices
0x000000000e051000 	/System/Library/PrivateFrameworks/UIFoundation.framework/Versions/A/UIFoundation
0x000000000e051000 	/System/Library/PrivateFrameworks/XCTTargetBootstrap.framework/Versions/A/XCTTargetBootstrap
0x000000000e051000 	/System/Library/PrivateFrameworks/IconServices.framework/Versions/A/IconServices
0x000000000e051000 	/System/Library/Frameworks/Metal.framework/Versions/A/Metal
0x000000000e051000 	/System/Library/PrivateFrameworks/DesktopServicesPriv.framework/Versions/A/DesktopServicesPriv
0x000000000e051000 	/usr/lib/libenergytrace.dylib
0x000000000e051000 	/System/Library/PrivateFrameworks/SkyLight.framework/Versions/A/SkyLight
0x000000000e051000 	/System/Library/Frameworks/CoreGraphics.framework/Versions/A/CoreGraphics
0x000000000e051000 	/System/Library/Frameworks/Accelerate.framework/Versions/A/Accelerate
0x000000000e051000 	/System/Library/Frameworks/IOSurface.framework/Versions/A/IOSurface
0x000000000e051000 	/System/Library/PrivateFrameworks/DFRFoundation.framework/Versions/A/DFRFoundation
0x000000000e051000 	/System/Library/Frameworks/AudioToolbox.framework/Versions/A/AudioToolbox
0x000000000e051000 	/System/Library/Frameworks/AudioUnit.framework/Versions/A/AudioUnit
0x000000000e051000 	/System/Library/PrivateFrameworks/DataDetectorsCore.framework/Versions/A/DataDetectorsCore
0x000000000e051000 	/System/Library/Frameworks/Carbon.framework/Versions/A/Frameworks/HIToolbox.framework/Versions/A/HIToolbox
0x000000000e051000 	/usr/lib/libicucore.A.dylib
0x000000000e051000 	/System/Library/Frameworks/QuartzCore.framework/Versions/A/QuartzCore
0x000000000e051000 	/System/Library/Frameworks/Carbon.framework/Versions/A/Frameworks/SpeechRecognition.framework/Versions/A/SpeechRecognition
0x000000000e051000 	/usr/lib/libauto.dylib
0x000000000e051000 	/usr/lib/libxml2.2.dylib
0x000000000e051000 	/System/Library/PrivateFrameworks/CoreUI.framework/Versions/A/CoreUI
0x000000000e051000 	/System/Library/Frameworks/CoreAudio.framework/Versions/A/CoreAudio
0x000000000e051000 	/System/Library/Frameworks/DiskArbitration.framework/Versions/A/DiskArbitration
0x000000000e051000 	/usr/lib/liblangid.dylib
0x000000000e051000 	/System/Library/PrivateFrameworks/MultitouchSupport.framework/Versions/A/MultitouchSupport
0x000000000e051000 	/System/Library/Frameworks/IOKit.framework/Versions/A/IOKit
0x000000000e051000 	/usr/lib/libDiagnosticMessagesClient.dylib
0x000000000e051000 	/System/Library/Frameworks/CoreServices.framework/Versions/A/CoreServices
0x000000000e051000 	/System/Library/PrivateFrameworks/PerformanceAnalysis.framework/Versions/A/PerformanceAnalysis
0x000000000e051000 	/System/Library/Frameworks/OpenGL.framework/Versions/A/OpenGL
0x000000000e051000 	/System/Library/Frameworks/ColorSync.framework/Versions/A/ColorSync
0x000000000e051000 	/System/Library/Frameworks/CoreImage.framework/Versions/A/CoreImage
0x000000000e051000 	/System/Library/Frameworks/CoreText.framework/Versions/A/CoreText
0x000000000e051000 	/System/Library/Frameworks/ImageIO.framework/Versions/A/ImageIO
0x000000000e051000 	/System/Library/PrivateFrameworks/Backup.framework/Versions/A/Backup
0x000000000e051000 	/usr/lib/libarchive.2.dylib
0x000000000e051000 	/System/Library/Frameworks/CFNetwork.framework/Versions/A/CFNetwork
0x000000000e051000 	/System/Library/Frameworks/SystemConfiguration.framework/Versions/A/SystemConfiguration
0x000000000e051000 	/usr/lib/libCRFSuite.dylib
0x000000000e051000 	/usr/lib/libc++.1.dylib
0x000000000e051000 	/usr/lib/libc++abi.dylib
0x000000000e051000 	/usr/lib/system/libcache.dylib
0x000000000e051000 	/usr/lib/system/libcommonCrypto.dylib
0x000000000e051000 	/usr/lib/system/libcompiler_rt.dylib
0x000000000e051000 	/usr/lib/system/libcopyfile.dylib
0x000000000e051000 	/usr/lib/system/libcorecrypto.dylib
0x000000000e051000 	/usr/lib/system/libdispatch.dylib
0x000000000e051000 	/usr/lib/system/libdyld.dylib
0x000000000e051000 	/usr/lib/system/libkeymgr.dylib
0x000000000e051000 	/usr/lib/system/liblaunch.dylib
0x000000000e051000 	/usr/lib/system/libmacho.dylib
0x000000000e051000 	/usr/lib/system/libquarantine.dylib
0x000000000e051000 	/usr/lib/system/libremovefile.dylib
0x000000000e051000 	/usr/lib/system/libsystem_asl.dylib
0x000000000e051000 	/usr/lib/system/libsystem_blocks.dylib
0x000000000e051000 	/usr/lib/system/libsystem_c.dylib
0x000000000e051000 	/usr/lib/system/libsystem_configuration.dylib
0x000000000e051000 	/usr/lib/system/libsystem_coreservices.dylib
0x000000000e051000 	/usr/lib/system/libsystem_darwin.dylib
0x000000000e051000 	/usr/lib/system/libsystem_dnssd.dylib
0x000000000e051000 	/usr/lib/system/libsystem_info.dylib
0x000000000e051000 	/usr/lib/system/libsystem_m.dylib
0x000000000e051000 	/usr/lib/system/libsystem_malloc.dylib
0x000000000e051000 	/usr/lib/system/libsystem_networkextension.dylib
0x000000000e051000 	/usr/lib/system/libsystem_notify.dylib
0x000000000e051000 	/usr/lib/system/libsystem_sandbox.dylib
0x000000000e051000 	/usr/lib/system/libsystem_secinit.dylib
0x000000000e051000 	/usr/lib/system/libsystem_kernel.dylib
0x000000000e051000 	/usr/lib/system/libsystem_platform.dylib
0x000000000e051000 	/usr/lib/system/libsystem_pthread.dylib
0x000000000e051000 	/usr/lib/system/libsystem_symptoms.dylib
0x000000000e051000 	/usr/lib/system/libsystem_trace.dylib
0x000000000e051000 	/usr/lib/system/libunwind.dylib
0x000000000e051000 	/usr/lib/system/libxpc.dylib
0x000000000e051000 	/usr/lib/libbsm.0.dylib
0x000000000e051000 	/usr/lib/system/libkxld.dylib
0x000000000e051000 	/System/Library/PrivateFrameworks/AppleFSCompression.framework/Versions/A/AppleFSCompression
0x000000000e051000 	/usr/lib/libOpenScriptingUtil.dylib
0x000000000e051000 	/usr/lib/libcoretls.dylib
0x000000000e051000 	/usr/lib/libcoretls_cfhelpers.dylib
0x000000000e051000 	/usr/lib/libpam.2.dylib
0x000000000e051000 	/usr/lib/libsqlite3.dylib
0x000000000e051000 	/usr/lib/libxar.1.dylib
0x000000000e051000 	/usr/lib/libbz2.1.0.dylib
0x000000000e051000 	/usr/lib/liblzma.5.dylib
0x000000000e051000 	/usr/lib/libnetwork.dylib
0x000000000e051000 	/usr/lib/libapple_nghttp2.dylib
0x000000000e051000 	/usr/lib/libpcap.A.dylib
0x000000000e051000 	/System/Library/Frameworks/CoreServices.framework/Versions/A/Frameworks/FSEvents.framework/Versions/A/FSEvents
0x000000000e051000 	/System/Library/Frameworks/CoreServices.framework/Versions/A/Frameworks/CarbonCore.framework/Versions/A/CarbonCore
0x000000000e051000 	/System/Library/Frameworks/CoreServices.framework/Versions/A/Frameworks/Metadata.framework/Versions/A/Metadata
0x000000000e051000 	/System/Library/Frameworks/CoreServices.framework/Versions/A/Frameworks/OSServices.framework/Versions/A/OSServices
0x000000000e051000 	/System/Library/Frameworks/CoreServices.framework/Versions/A/Frameworks/SearchKit.framework/Versions/A/SearchKit
0x000000000e051000 	/System/Library/Frameworks/CoreServices.framework/Versions/A/Frameworks/AE.framework/Versions/A/AE
0x000000000e051000 	/System/Library/Frameworks/CoreServices.framework/Versions/A/Frameworks/LaunchServices.framework/Versions/A/LaunchServices
0x000000000e051000 	/System/Library/Frameworks/CoreServices.framework/Versions/A/Frameworks/DictionaryServices.framework/Versions/A/DictionaryServices
0x000000000e051000 	/System/Library/Frameworks/CoreServices.framework/Versions/A/Frameworks/SharedFileList.framework/Versions/A/SharedFileList
0x000000000e051000 	/System/Library/Frameworks/NetFS.framework/Versions/A/NetFS
0x000000000e051000 	/System/Library/PrivateFrameworks/NetAuth.framework/Versions/A/NetAuth
0x000000000e051000 	/System/Library/PrivateFrameworks/login.framework/Versions/A/Frameworks/loginsupport.framework/Versions/A/loginsupport
0x000000000e051000 	/System/Library/PrivateFrameworks/TCC.framework/Versions/A/TCC
0x000000000e051000 	/System/Library/PrivateFrameworks/CoreNLP.framework/Versions/A/CoreNLP
0x000000000e051000 	/System/Library/PrivateFrameworks/MetadataUtilities.framework/Versions/A/MetadataUtilities
0x000000000e051000 	/usr/lib/libmecabra.dylib
0x000000000e051000 	/System/Library/Frameworks/ApplicationServices.framework/Versions/A/Frameworks/ATS.framework/Versions/A/ATS
0x000000000e051000 	/System/Library/Frameworks/ApplicationServices.framework/Versions/A/Frameworks/ColorSyncLegacy.framework/Versions/A/ColorSyncLegacy
0x000000000e051000 	/System/Library/Frameworks/ApplicationServices.framework/Versions/A/Frameworks/HIServices.framework/Versions/A/HIServices
0x000000000e051000 	/System/Library/Frameworks/ApplicationServices.framework/Versions/A/Frameworks/LangAnalysis.framework/Versions/A/LangAnalysis
0x000000000e051000 	/System/Library/Frameworks/ApplicationServices.framework/Versions/A/Frameworks/PrintCore.framework/Versions/A/PrintCore
0x000000000e051000 	/System/Library/Frameworks/ApplicationServices.framework/Versions/A/Frameworks/QD.framework/Versions/A/QD
0x000000000e051000 	/System/Library/Frameworks/ApplicationServices.framework/Versions/A/Frameworks/SpeechSynthesis.framework/Versions/A/SpeechSynthesis
0x000000000e051000 	/usr/lib/libcompression.dylib
0x000000000e051000 	/System/Library/Frameworks/CoreDisplay.framework/Versions/A/CoreDisplay
0x000000000e051000 	/System/Library/Frameworks/MetalPerformanceShaders.framework/Versions/A/MetalPerformanceShaders
0x000000000e051000 	/System/Library/Frameworks/Accelerate.framework/Versions/A/Frameworks/vImage.framework/Versions/A/vImage
0x000000000e051000 	/System/Library/Frameworks/Accelerate.framework/Versions/A/Frameworks/vecLib.framework/Versions/A/vecLib
0x000000000e051000 	/System/Library/Frameworks/Accelerate.framework/Versions/A/Frameworks/vecLib.framework/Versions/A/libvMisc.dylib
0x000000000e051000 	/System/Library/Frameworks/Accelerate.framework/Versions/A/Frameworks/vecLib.framework/Versions/A/libvDSP.dylib
0x000000000e051000 	/System/Library/Frameworks/Accelerate.framework/Versions/A/Frameworks/vecLib.framework/Versions/A/libBLAS.dylib
0x000000000e051000 	/System/Library/Frameworks/Accelerate.framework/Versions/A/Frameworks/vecLib.framework/Versions/A/libLAPACK.dylib
0x000000000e051000 	/System/Library/Frameworks/Accelerate.framework/Versions/A/Frameworks/vecLib.framework/Versions/A/libLinearAlgebra.dylib
0x000000000e051000 	/System/Library/Frameworks/Accelerate.framework/Versions/A/Frameworks/vecLib.framework/Versions/A/libSparseBLAS.dylib
0x000000000e051000 	/System/Library/Frameworks/Accelerate.framework/Versions/A/Frameworks/vecLib.framework/Versions/A/libQuadrature.dylib
0x000000000e051000 	/System/Library/Frameworks/Accelerate.framework/Versions/A/Frameworks/vecLib.framework/Versions/A/libBNNS.dylib
0x000000000e051000 	/System/Library/Frameworks/Accelerate.framework/Versions/A/Frameworks/vecLib.framework/Versions/A/libSparse.dylib
0x000000000e051000 	/System/Library/PrivateFrameworks/GPUWrangler.framework/Versions/A/GPUWrangler
0x000000000e051000 	/System/Library/PrivateFrameworks/IOAccelerator.framework/Versions/A/IOAccelerator
0x000000000e051000 	/System/Library/PrivateFrameworks/IOPresentment.framework/Versions/A/IOPresentment
0x000000000e051000 	/System/Library/PrivateFrameworks/DSExternalDisplay.framework/Versions/A/DSExternalDisplay
0x000000000e051000 	/System/Library/Frameworks/OpenGL.framework/Versions/A/Libraries/libCoreFSCache.dylib
0x000000000e051000 	/System/Library/Frameworks/MetalPerformanceShaders.framework/Frameworks/MPSCore.framework/Versions/A/MPSCore
0x000000000e051000 	/System/Library/Frameworks/MetalPerformanceShaders.framework/Frameworks/MPSImage.framework/Versions/A/MPSImage
0x000000000e051000 	/System/Library/Frameworks/MetalPerformanceShaders.framework/Frameworks/MPSNeuralNetwork.framework/Versions/A/MPSNeuralNetwork
0x000000000e051000 	/System/Library/Frameworks/MetalPerformanceShaders.framework/Frameworks/MPSMatrix.framework/Versions/A/MPSMatrix
0x000000000e051000 	/System/Library/Frameworks/MetalPerformanceShaders.framework/Frameworks/MPSRayIntersector.framework/Versions/A/MPSRayIntersector
0x000000000e051000 	/System/Library/PrivateFrameworks/MetalTools.framework/Versions/A/MetalTools
0x000000000e051000 	/System/Library/PrivateFrameworks/AggregateDictionary.framework/Versions/A/AggregateDictionary
0x000000000e051000 	/usr/lib/libMobileGestalt.dylib
0x000000000e051000 	/System/Library/Frameworks/CoreVideo.framework/Versions/A/CoreVideo
0x000000000e051000 	/System/Library/PrivateFrameworks/GraphVisualizer.framework/Versions/A/GraphVisualizer
0x000000000e051000 	/System/Library/PrivateFrameworks/FaceCore.framework/Versions/A/FaceCore
0x000000000e051000 	/System/Library/Frameworks/OpenCL.framework/Versions/A/OpenCL
0x000000000e051000 	/usr/lib/libFosl_dynamic.dylib
0x000000000e051000 	/System/Library/PrivateFrameworks/OTSVG.framework/Versions/A/OTSVG
0x000000000e051000 	/System/Library/Frameworks/ApplicationServices.framework/Versions/A/Frameworks/ATS.framework/Versions/A/Resources/libFontParser.dylib
0x000000000e051000 	/System/Library/Frameworks/ApplicationServices.framework/Versions/A/Frameworks/ATS.framework/Versions/A/Resources/libFontRegistry.dylib
0x000000000e051000 	/System/Library/Frameworks/ImageIO.framework/Versions/A/Resources/libJPEG.dylib
0x000000000e051000 	/System/Library/Frameworks/ImageIO.framework/Versions/A/Resources/libTIFF.dylib
0x000000000e051000 	/System/Library/Frameworks/ImageIO.framework/Versions/A/Resources/libPng.dylib
0x000000000e051000 	/System/Library/Frameworks/ImageIO.framework/Versions/A/Resources/libGIF.dylib
0x000000000e051000 	/System/Library/Frameworks/ImageIO.framework/Versions/A/Resources/libJP2.dylib
0x000000000e051000 	/System/Library/Frameworks/ImageIO.framework/Versions/A/Resources/libRadiance.dylib
0x000000000e051000 	/System/Library/PrivateFrameworks/AppleJPEG.framework/Versions/A/AppleJPEG
0x000000000e051000 	/System/Library/Frameworks/OpenGL.framework/Versions/A/Libraries/libGFXShared.dylib
0x000000000e051000 	/System/Library/Frameworks/OpenGL.framework/Versions/A/Libraries/libGLU.dylib
0x000000000e051000 	/System/Library/Frameworks/OpenGL.framework/Versions/A/Libraries/libGL.dylib
0x000000000e051000 	/System/Library/Frameworks/OpenGL.framework/Versions/A/Libraries/libGLImage.dylib
0x000000000e051000 	/System/Library/Frameworks/OpenGL.framework/Versions/A/Libraries/libCVMSPluginSupport.dylib
0x000000000e051000 	/System/Library/Frameworks/OpenGL.framework/Versions/A/Libraries/libCoreVMClient.dylib
0x000000000e051000 	/usr/lib/libcups.2.dylib
0x000000000e051000 	/System/Library/Frameworks/Kerberos.framework/Versions/A/Kerberos
0x000000000e051000 	/System/Library/Frameworks/GSS.framework/Versions/A/GSS
0x000000000e051000 	/usr/lib/libresolv.9.dylib
0x000000000e051000 	/usr/lib/libiconv.2.dylib
0x000000000e051000 	/System/Library/PrivateFrameworks/Heimdal.framework/Versions/A/Heimdal
0x000000000e051000 	/usr/lib/libheimdal-asn1.dylib
0x000000000e051000 	/System/Library/Frameworks/OpenDirectory.framework/Versions/A/OpenDirectory
0x000000000e051000 	/System/Library/PrivateFrameworks/CommonAuth.framework/Versions/A/CommonAuth
0x000000000e051000 	/System/Library/Frameworks/OpenDirectory.framework/Versions/A/Frameworks/CFOpenDirectory.framework/Versions/A/CFOpenDirectory
0x000000000e051000 	/System/Library/Frameworks/SecurityFoundation.framework/Versions/A/SecurityFoundation
0x000000000e051000 	/System/Library/PrivateFrameworks/APFS.framework/Versions/A/APFS
0x000000000e051000 	/usr/lib/libutil.dylib
0x000000000e051000 	/usr/lib/libcharset.1.dylib
0x000000000e051000 	/System/Library/PrivateFrameworks/AppleSauce.framework/Versions/A/AppleSauce
0x000000000e051000 	/System/Library/PrivateFrameworks/AssertionServices.framework/Versions/A/AssertionServices
0x000000000e051000 	/System/Library/PrivateFrameworks/BaseBoard.framework/Versions/A/BaseBoard
0x000000000e051000 	/usr/lib/libmecab.1.0.0.dylib
0x000000000e051000 	/usr/lib/libgermantok.dylib
0x000000000e051000 	/usr/lib/libThaiTokenizer.dylib
0x000000000e051000 	/usr/lib/libChineseTokenizer.dylib
0x000000000e051000 	/System/Library/PrivateFrameworks/LanguageModeling.framework/Versions/A/LanguageModeling
0x000000000e051000 	/System/Library/PrivateFrameworks/CoreEmoji.framework/Versions/A/CoreEmoji
0x000000000e051000 	/System/Library/PrivateFrameworks/Lexicon.framework/Versions/A/Lexicon
0x000000000e051000 	/System/Library/PrivateFrameworks/LinguisticData.framework/Versions/A/LinguisticData
0x000000000e051000 	/usr/lib/libcmph.dylib
0x000000000e051000 	/System/Library/Frameworks/ServiceManagement.framework/Versions/A/ServiceManagement
0x000000000e051000 	/System/Library/PrivateFrameworks/BackgroundTaskManagement.framework/Versions/A/BackgroundTaskManagement
0x000000000e051000 	/usr/lib/libxslt.1.dylib
0x000000000e051000 	/System/Library/Frameworks/Carbon.framework/Versions/A/Frameworks/Ink.framework/Versions/A/Ink
0x000000000e051000 	/System/Library/PrivateFrameworks/TextureIO.framework/Versions/A/TextureIO
0x000000000e051000 	/usr/lib/libate.dylib
0x000000000e051000 	/System/Library/PrivateFrameworks/CrashReporterSupport.framework/Versions/A/CrashReporterSupport
0x000000000e051000 	/System/Library/PrivateFrameworks/Sharing.framework/Versions/A/Sharing
0x000000000e051000 	/System/Library/PrivateFrameworks/AuthKit.framework/Versions/A/AuthKit
0x000000000e051000 	/System/Library/PrivateFrameworks/Apple80211.framework/Versions/A/Apple80211
0x000000000e051000 	/System/Library/PrivateFrameworks/CoreUtils.framework/Versions/A/CoreUtils
0x000000000e051000 	/System/Library/Frameworks/CoreWLAN.framework/Versions/A/CoreWLAN
0x000000000e051000 	/System/Library/Frameworks/IOBluetooth.framework/Versions/A/IOBluetooth
0x000000000e051000 	/System/Library/PrivateFrameworks/ProtocolBuffer.framework/Versions/A/ProtocolBuffer
0x000000000e051000 	/System/Library/PrivateFrameworks/MobileKeyBag.framework/Versions/A/MobileKeyBag
0x000000000e051000 	/System/Library/PrivateFrameworks/CorePhoneNumbers.framework/Versions/A/CorePhoneNumbers
0x000000000e051000 	/System/Library/PrivateFrameworks/AppleIDAuthSupport.framework/Versions/A/AppleIDAuthSupport
0x000000000e051000 	/System/Library/PrivateFrameworks/KeychainCircle.framework/Versions/A/KeychainCircle
0x000000000e051000 	/System/Library/PrivateFrameworks/ROCKit.framework/Versions/A/ROCKit
0x000000000e051000 	/System/Library/PrivateFrameworks/CoreWiFi.framework/Versions/A/CoreWiFi
0x000000000e051000 	/System/Library/Frameworks/CoreBluetooth.framework/Versions/A/CoreBluetooth
0x000000000e051000 	/System/Library/PrivateFrameworks/DebugSymbols.framework/Versions/A/DebugSymbols
0x000000000e051000 	/System/Library/PrivateFrameworks/CoreSymbolication.framework/Versions/A/CoreSymbolication
0x000000000e051000 	/System/Library/PrivateFrameworks/Symbolication.framework/Versions/A/Symbolication
0x000000000e051000 	/System/Library/PrivateFrameworks/SpeechRecognitionCore.framework/Versions/A/SpeechRecognitionCore
0x0000000106c00000 	/Library/Java/JavaVirtualMachines/jdk1.8.0_101.jdk/Contents/Home/jre/lib/server/libjvm.dylib
0x000000000e051000 	/usr/lib/libstdc++.6.dylib
0x00000001063c0000 	/Library/Java/JavaVirtualMachines/jdk1.8.0_101.jdk/Contents/Home/jre/lib/libverify.dylib
0x0000000107b9d000 	/Library/Java/JavaVirtualMachines/jdk1.8.0_101.jdk/Contents/Home/jre/lib/libjava.dylib
0x00000001063d8000 	/Library/Java/JavaVirtualMachines/jdk1.8.0_101.jdk/Contents/Home/jre/lib/libzip.dylib
0x000000000e051000 	/System/Library/Frameworks/JavaVM.framework/Versions/A/Frameworks/JavaRuntimeSupport.framework/Versions/A/JavaRuntimeSupport
0x000000000e051000 	/System/Library/Frameworks/JavaVM.framework/Versions/A/Frameworks/JavaNativeFoundation.framework/Versions/A/JavaNativeFoundation
0x000000000e051000 	/System/Library/Frameworks/JavaVM.framework/Versions/A/JavaVM
0x000000000e051000 	/System/Library/Frameworks/Carbon.framework/Versions/A/Carbon
0x000000000e051000 	/System/Library/PrivateFrameworks/JavaLaunching.framework/Versions/A/JavaLaunching
0x000000000e051000 	/System/Library/Frameworks/Carbon.framework/Versions/A/Frameworks/CommonPanels.framework/Versions/A/CommonPanels
0x000000000e051000 	/System/Library/Frameworks/Carbon.framework/Versions/A/Frameworks/Help.framework/Versions/A/Help
0x000000000e051000 	/System/Library/Frameworks/Carbon.framework/Versions/A/Frameworks/ImageCapture.framework/Versions/A/ImageCapture
0x000000000e051000 	/System/Library/Frameworks/Carbon.framework/Versions/A/Frameworks/OpenScripting.framework/Versions/A/OpenScripting
0x000000000e051000 	/System/Library/Frameworks/Carbon.framework/Versions/A/Frameworks/Print.framework/Versions/A/Print
0x000000000e051000 	/System/Library/Frameworks/Carbon.framework/Versions/A/Frameworks/SecurityHI.framework/Versions/A/SecurityHI
0x000000010da89000 	/Library/Java/JavaVirtualMachines/jdk1.8.0_101.jdk/Contents/Home/jre/lib/libnet.dylib
0x000000010dae8000 	/Library/Java/JavaVirtualMachines/jdk1.8.0_101.jdk/Contents/Home/jre/lib/libnio.dylib
0x000000010e071000 	/Users/zyuiop/Library/Caches/JNA/temp/jna2438357413216119589.tmp
0x000000010e6b5000 	/Library/Java/JavaVirtualMachines/jdk1.8.0_101.jdk/Contents/Home/jre/lib/libsunec.dylib

VM Arguments:
jvm_args: -Dfile.encoding=UTF8 -Djline.terminal=none -Dsbt.log.noformat=true -Dsbt.global.base=/private/var/folders/dt/d24s8lb54pl5p97_q6fx_n9w0000gn/T/sbt-global-pluginstub -Xms512M -Xmx1024M -Xss1M -XX:+CMSClassUnloadingEnabled -XX:MaxPermSize=256M -Dconfig.file=application.prod.conf 
java_command: xsbt.boot.Boot project jiauth run
java_class_path (initial): /Users/zyuiop/Library/Application Support/IntelliJIdea2019.1/Scala/launcher/sbt-launch.jar
Launcher Type: SUN_STANDARD

Environment Variables:
JAVA_HOME=/Library/Java/JavaVirtualMachines/jdk1.8.0_101.jdk/Contents/Home
PATH=/usr/local/anaconda3/bin:/usr/local/bin:/usr/bin:/bin:/usr/sbin:/sbin:/opt/X11/bin
SHELL=/bin/zsh
DISPLAY=/private/tmp/com.apple.launchd.kIwNHIBwHf/org.macosforge.xquartz:0

Signal Handlers:
SIGSEGV: [libjvm.dylib+0x5af145], sa_mask[0]=11111111011111110111111111111111, sa_flags=SA_ONSTACK|SA_RESTART|SA_SIGINFO
SIGBUS: [libjvm.dylib+0x5af145], sa_mask[0]=11111111011111110111111111111111, sa_flags=SA_RESTART|SA_SIGINFO
SIGFPE: [libjvm.dylib+0x48694c], sa_mask[0]=11111111011111110111111111111111, sa_flags=SA_RESTART|SA_SIGINFO
SIGPIPE: [libjvm.dylib+0x48694c], sa_mask[0]=11111111011111110111111111111111, sa_flags=SA_RESTART|SA_SIGINFO
SIGXFSZ: [libjvm.dylib+0x48694c], sa_mask[0]=11111111011111110111111111111111, sa_flags=SA_RESTART|SA_SIGINFO
SIGILL: [libjvm.dylib+0x48694c], sa_mask[0]=11111111011111110111111111111111, sa_flags=SA_RESTART|SA_SIGINFO
SIGUSR1: SIG_DFL, sa_mask[0]=00000000000000000000000000000000, sa_flags=none
SIGUSR2: [libjvm.dylib+0x48646a], sa_mask[0]=00100000000000000000000000000000, sa_flags=SA_RESTART|SA_SIGINFO
SIGHUP: [libjvm.dylib+0x484a41], sa_mask[0]=11111111011111110111111111111111, sa_flags=SA_RESTART|SA_SIGINFO
SIGINT: [libjvm.dylib+0x484a41], sa_mask[0]=11111111011111110111111111111111, sa_flags=SA_RESTART|SA_SIGINFO
SIGTERM: [libjvm.dylib+0x484a41], sa_mask[0]=11111111011111110111111111111111, sa_flags=SA_RESTART|SA_SIGINFO
SIGQUIT: [libjvm.dylib+0x484a41], sa_mask[0]=11111111011111110111111111111111, sa_flags=SA_RESTART|SA_SIGINFO


---------------  S Y S T E M  ---------------

OS:Bsduname:Darwin 18.5.0 Darwin Kernel Version 18.5.0: Mon Mar 11 20:40:32 PDT 2019; root:xnu-4903.251.3~3/RELEASE_X86_64 x86_64
rlimit: STACK 8192k, CORE 0k, NPROC 709, NOFILE 10240, AS infinity
load average:5.26 5.09 5.08

CPU:total 4 (2 cores per cpu, 2 threads per core) family 6 model 61 stepping 4, cmov, cx8, fxsr, mmx, sse, sse2, sse3, ssse3, sse4.1, sse4.2, popcnt, avx, avx2, aes, clmul, erms, 3dnowpref, lzcnt, ht, tsc, tscinvbit, bmi1, bmi2, adx

Memory: 4k page, physical 8388608k(137888k free)

/proc/meminfo:


vm_info: Java HotSpot(TM) 64-Bit Server VM (25.101-b13) for bsd-amd64 JRE (1.8.0_101-b13), built on Jun 22 2016 02:42:15 by "java_re" with gcc 4.2.1 (Based on Apple Inc. build 5658) (LLVM build 2336.11.00)

time: Thu May  2 01:53:45 2019
elapsed time: 21592 seconds (0d 5h 59m 52s)

